<?xml version="1.0" encoding="UTF-8"?>
<testng-results skipped="0" failed="0" ignored="0" total="1" passed="1">
  <reporter-output>
  </reporter-output>
  <suite name="Default suite" duration-ms="16448" started-at="2020-02-23T05:41:13 PST" finished-at="2020-02-23T05:41:29 PST">
    <groups>
    </groups>
    <test name="Default test" duration-ms="16448" started-at="2020-02-23T05:41:13 PST" finished-at="2020-02-23T05:41:29 PST">
      <class name="Multiplication_Run_Class.class_Multiplication_Run_Class">
        <test-method status="PASS" signature="Run_class_Multiplication()[pri:0, instance:Multiplication_Run_Class.class_Multiplication_Run_Class@3b084709]" name="Run_class_Multiplication" duration-ms="16420" started-at="2020-02-23T05:41:13 PST" finished-at="2020-02-23T05:41:29 PST">
          <reporter-output>
          </reporter-output>
        </test-method> <!-- Run_class_Multiplication -->
      </class> <!-- Multiplication_Run_Class.class_Multiplication_Run_Class -->
    </test> <!-- Default test -->
  </suite> <!-- Default suite -->
</testng-results>
